2014-10-28 08:56:46 Error: [MissingActionException] Action PagesController::frontend() could not be found.
Exception Attributes: array (
  'controller' => 'PagesController',
  'action' => 'frontend',
)
Request URL: /kcms/
Stack Trace:
#0 E:\xampp\Cake\Routing\Dispatcher.php(185): Controller->invokeAction(Object(CakeRequest))
#1 E:\xampp\Cake\Routing\Dispatcher.php(160): Dispatcher->_invoke(Object(PagesController), Object(CakeRequest), Object(CakeResponse))
#2 E:\xampp\htdocs\nobita\kcms\webroot\index.php(99): Dispatcher->dispatch(Object(CakeRequest), Object(CakeResponse))
#3 {main}
2014-10-28 08:57:17 Error: [MissingViewException] View file "E:\xampp\htdocs\nobita\kcms\View\Pages\frontend.ctp" is missing.
Exception Attributes: array (
  'file' => 'E:\\xampp\\htdocs\\nobita\\kcms\\View\\Pages\\frontend.ctp',
)
Request URL: /kcms/
Stack Trace:
#0 E:\xampp\Cake\View\View.php(462): View->_getViewFileName(NULL)
#1 E:\xampp\Cake\Controller\Controller.php(954): View->render(NULL, NULL)
#2 E:\xampp\Cake\Routing\Dispatcher.php(192): Controller->render()
#3 E:\xampp\Cake\Routing\Dispatcher.php(160): Dispatcher->_invoke(Object(PagesController), Object(CakeRequest), Object(CakeResponse))
#4 E:\xampp\htdocs\nobita\kcms\webroot\index.php(99): Dispatcher->dispatch(Object(CakeRequest), Object(CakeResponse))
#5 {main}
2014-10-28 08:58:18 Error: [MissingActionException] Action PagesController::admin_backend() could not be found.
Exception Attributes: array (
  'controller' => 'PagesController',
  'action' => 'admin_backend',
)
Request URL: /kcms/admin
Stack Trace:
#0 E:\xampp\Cake\Routing\Dispatcher.php(185): Controller->invokeAction(Object(CakeRequest))
#1 E:\xampp\Cake\Routing\Dispatcher.php(160): Dispatcher->_invoke(Object(PagesController), Object(CakeRequest), Object(CakeResponse))
#2 E:\xampp\htdocs\nobita\kcms\webroot\index.php(99): Dispatcher->dispatch(Object(CakeRequest), Object(CakeResponse))
#3 {main}
2014-10-28 08:58:25 Error: [MissingActionException] Action PagesController::admin_backend() could not be found.
Exception Attributes: array (
  'controller' => 'PagesController',
  'action' => 'admin_backend',
)
Request URL: /kcms/admin
Stack Trace:
#0 E:\xampp\Cake\Routing\Dispatcher.php(185): Controller->invokeAction(Object(CakeRequest))
#1 E:\xampp\Cake\Routing\Dispatcher.php(160): Dispatcher->_invoke(Object(PagesController), Object(CakeRequest), Object(CakeResponse))
#2 E:\xampp\htdocs\nobita\kcms\webroot\index.php(99): Dispatcher->dispatch(Object(CakeRequest), Object(CakeResponse))
#3 {main}
2014-10-28 08:58:45 Error: [MissingActionException] Action PagesController::admin_backend() could not be found.
Exception Attributes: array (
  'controller' => 'PagesController',
  'action' => 'admin_backend',
)
Request URL: /kcms/admin
Stack Trace:
#0 E:\xampp\Cake\Routing\Dispatcher.php(185): Controller->invokeAction(Object(CakeRequest))
#1 E:\xampp\Cake\Routing\Dispatcher.php(160): Dispatcher->_invoke(Object(PagesController), Object(CakeRequest), Object(CakeResponse))
#2 E:\xampp\htdocs\nobita\kcms\webroot\index.php(99): Dispatcher->dispatch(Object(CakeRequest), Object(CakeResponse))
#3 {main}
2014-10-28 08:58:46 Error: [MissingActionException] Action PagesController::admin_backend() could not be found.
Exception Attributes: array (
  'controller' => 'PagesController',
  'action' => 'admin_backend',
)
Request URL: /kcms/admin
Stack Trace:
#0 E:\xampp\Cake\Routing\Dispatcher.php(185): Controller->invokeAction(Object(CakeRequest))
#1 E:\xampp\Cake\Routing\Dispatcher.php(160): Dispatcher->_invoke(Object(PagesController), Object(CakeRequest), Object(CakeResponse))
#2 E:\xampp\htdocs\nobita\kcms\webroot\index.php(99): Dispatcher->dispatch(Object(CakeRequest), Object(CakeResponse))
#3 {main}
2014-10-28 08:58:46 Error: [MissingActionException] Action PagesController::admin_backend() could not be found.
Exception Attributes: array (
  'controller' => 'PagesController',
  'action' => 'admin_backend',
)
Request URL: /kcms/admin
Stack Trace:
#0 E:\xampp\Cake\Routing\Dispatcher.php(185): Controller->invokeAction(Object(CakeRequest))
#1 E:\xampp\Cake\Routing\Dispatcher.php(160): Dispatcher->_invoke(Object(PagesController), Object(CakeRequest), Object(CakeResponse))
#2 E:\xampp\htdocs\nobita\kcms\webroot\index.php(99): Dispatcher->dispatch(Object(CakeRequest), Object(CakeResponse))
#3 {main}
2014-10-28 08:58:46 Error: [MissingActionException] Action PagesController::admin_backend() could not be found.
Exception Attributes: array (
  'controller' => 'PagesController',
  'action' => 'admin_backend',
)
Request URL: /kcms/admin
Stack Trace:
#0 E:\xampp\Cake\Routing\Dispatcher.php(185): Controller->invokeAction(Object(CakeRequest))
#1 E:\xampp\Cake\Routing\Dispatcher.php(160): Dispatcher->_invoke(Object(PagesController), Object(CakeRequest), Object(CakeResponse))
#2 E:\xampp\htdocs\nobita\kcms\webroot\index.php(99): Dispatcher->dispatch(Object(CakeRequest), Object(CakeResponse))
#3 {main}
2014-10-28 08:59:32 Error: [MissingActionException] Action UsersController::admin_img() could not be found.
Exception Attributes: array (
  'controller' => 'UsersController',
  'action' => 'admin_img',
)
Request URL: /kcms/admin/users/img/cover3.jpg
Stack Trace:
#0 E:\xampp\Cake\Routing\Dispatcher.php(185): Controller->invokeAction(Object(CakeRequest))
#1 E:\xampp\Cake\Routing\Dispatcher.php(160): Dispatcher->_invoke(Object(UsersController), Object(CakeRequest), Object(CakeResponse))
#2 E:\xampp\htdocs\nobita\kcms\webroot\index.php(99): Dispatcher->dispatch(Object(CakeRequest), Object(CakeResponse))
#3 {main}
2014-10-28 09:00:37 Error: [MissingActionException] Action UsersController::admin_img() could not be found.
Exception Attributes: array (
  'controller' => 'UsersController',
  'action' => 'admin_img',
)
Request URL: /kcms/admin/users/img/cover3.jpg
Stack Trace:
#0 E:\xampp\Cake\Routing\Dispatcher.php(185): Controller->invokeAction(Object(CakeRequest))
#1 E:\xampp\Cake\Routing\Dispatcher.php(160): Dispatcher->_invoke(Object(UsersController), Object(CakeRequest), Object(CakeResponse))
#2 E:\xampp\htdocs\nobita\kcms\webroot\index.php(99): Dispatcher->dispatch(Object(CakeRequest), Object(CakeResponse))
#3 {main}
2014-10-28 09:00:39 Error: [MissingActionException] Action UsersController::admin_img() could not be found.
Exception Attributes: array (
  'controller' => 'UsersController',
  'action' => 'admin_img',
)
Request URL: /kcms/admin/users/img/cover3.jpg
Stack Trace:
#0 E:\xampp\Cake\Routing\Dispatcher.php(185): Controller->invokeAction(Object(CakeRequest))
#1 E:\xampp\Cake\Routing\Dispatcher.php(160): Dispatcher->_invoke(Object(UsersController), Object(CakeRequest), Object(CakeResponse))
#2 E:\xampp\htdocs\nobita\kcms\webroot\index.php(99): Dispatcher->dispatch(Object(CakeRequest), Object(CakeResponse))
#3 {main}
2014-10-28 09:01:54 Error: [MissingControllerException] Controller class JsController could not be found.
Exception Attributes: array (
  'class' => 'JsController',
  'plugin' => NULL,
)
Request URL: /kcms/js/bootstrap.min.js
Stack Trace:
#0 E:\xampp\htdocs\nobita\kcms\webroot\index.php(99): Dispatcher->dispatch(Object(CakeRequest), Object(CakeResponse))
#1 {main}
2014-10-28 09:01:54 Error: [MissingControllerException] Controller class CssController could not be found.
Exception Attributes: array (
  'class' => 'CssController',
  'plugin' => NULL,
)
Request URL: /kcms/css/bootstrap.min.css
Stack Trace:
#0 E:\xampp\htdocs\nobita\kcms\webroot\index.php(99): Dispatcher->dispatch(Object(CakeRequest), Object(CakeResponse))
#1 {main}
2014-10-28 09:01:55 Error: [MissingControllerException] Controller class JsController could not be found.
Exception Attributes: array (
  'class' => 'JsController',
  'plugin' => NULL,
)
Request URL: /kcms/js/jquery.min.js
Stack Trace:
#0 E:\xampp\htdocs\nobita\kcms\webroot\index.php(99): Dispatcher->dispatch(Object(CakeRequest), Object(CakeResponse))
#1 {main}
2014-10-28 09:01:55 Error: [MissingControllerException] Controller class CssController could not be found.
Exception Attributes: array (
  'class' => 'CssController',
  'plugin' => NULL,
)
Request URL: /kcms/css/style.css
Stack Trace:
#0 E:\xampp\htdocs\nobita\kcms\webroot\index.php(99): Dispatcher->dispatch(Object(CakeRequest), Object(CakeResponse))
#1 {main}
2014-10-28 09:01:55 Error: [MissingActionException] Action UsersController::admin_img() could not be found.
Exception Attributes: array (
  'controller' => 'UsersController',
  'action' => 'admin_img',
)
Request URL: /kcms/admin/users/img/cover3.jpg
Stack Trace:
#0 E:\xampp\Cake\Routing\Dispatcher.php(185): Controller->invokeAction(Object(CakeRequest))
#1 E:\xampp\Cake\Routing\Dispatcher.php(160): Dispatcher->_invoke(Object(UsersController), Object(CakeRequest), Object(CakeResponse))
#2 E:\xampp\htdocs\nobita\kcms\webroot\index.php(99): Dispatcher->dispatch(Object(CakeRequest), Object(CakeResponse))
#3 {main}
2014-10-28 09:03:10 Error: [MissingControllerException] Controller class CssController could not be found.
Exception Attributes: array (
  'class' => 'CssController',
  'plugin' => NULL,
)
Request URL: /kcms/css/style.css
Stack Trace:
#0 E:\xampp\htdocs\nobita\kcms\webroot\index.php(99): Dispatcher->dispatch(Object(CakeRequest), Object(CakeResponse))
#1 {main}
2014-10-28 09:04:22 Error: Fatal Error (1): Call to a member function allow() on a non-object in [E:\xampp\htdocs\nobita\kcms\Controller\AppController.php, line 32]
2014-10-28 09:04:22 Error: [FatalErrorException] Call to a member function allow() on a non-object
Request URL: /kcms/admin/users/login
Stack Trace:
#0 E:\xampp\Cake\Error\ErrorHandler.php(203): ErrorHandler::handleFatalError(1, 'Call to a membe...', 'E:\\xampp\\htdocs...', 32)
#1 [internal function]: ErrorHandler::handleError(1, 'Call to a membe...', 'E:\\xampp\\htdocs...', 32, Array)
#2 E:\xampp\Cake\Core\App.php(929): call_user_func('ErrorHandler::h...', 1, 'Call to a membe...', 'E:\\xampp\\htdocs...', 32, Array)
#3 E:\xampp\Cake\Core\App.php(902): App::_checkFatalError()
#4 [internal function]: App::shutdown()
#5 {main}
2014-10-28 09:04:41 Error: Fatal Error (1): Call to a member function allow() on a non-object in [E:\xampp\htdocs\nobita\kcms\Controller\AppController.php, line 32]
2014-10-28 09:04:41 Error: [FatalErrorException] Call to a member function allow() on a non-object
Request URL: /kcms/admin/users/login
Stack Trace:
#0 E:\xampp\Cake\Error\ErrorHandler.php(203): ErrorHandler::handleFatalError(1, 'Call to a membe...', 'E:\\xampp\\htdocs...', 32)
#1 [internal function]: ErrorHandler::handleError(1, 'Call to a membe...', 'E:\\xampp\\htdocs...', 32, Array)
#2 E:\xampp\Cake\Core\App.php(929): call_user_func('ErrorHandler::h...', 1, 'Call to a membe...', 'E:\\xampp\\htdocs...', 32, Array)
#3 E:\xampp\Cake\Core\App.php(902): App::_checkFatalError()
#4 [internal function]: App::shutdown()
#5 {main}
2014-10-28 09:04:52 Error: [MissingActionException] Action UsersController::admin_img() could not be found.
Exception Attributes: array (
  'controller' => 'UsersController',
  'action' => 'admin_img',
)
Request URL: /kcms/admin/users/img/cover3.jpg
Stack Trace:
#0 E:\xampp\Cake\Routing\Dispatcher.php(185): Controller->invokeAction(Object(CakeRequest))
#1 E:\xampp\Cake\Routing\Dispatcher.php(160): Dispatcher->_invoke(Object(UsersController), Object(CakeRequest), Object(CakeResponse))
#2 E:\xampp\htdocs\nobita\kcms\webroot\index.php(99): Dispatcher->dispatch(Object(CakeRequest), Object(CakeResponse))
#3 {main}
2014-10-28 09:19:53 Error: [MissingActionException] Action UsersController::admin_index.html() could not be found.
Exception Attributes: array (
  'controller' => 'UsersController',
  'action' => 'admin_index.html',
)
Request URL: /kcms/admin/users/index.html
Stack Trace:
#0 E:\xampp\Cake\Routing\Dispatcher.php(185): Controller->invokeAction(Object(CakeRequest))
#1 E:\xampp\Cake\Routing\Dispatcher.php(160): Dispatcher->_invoke(Object(UsersController), Object(CakeRequest), Object(CakeResponse))
#2 E:\xampp\htdocs\nobita\kcms\webroot\index.php(99): Dispatcher->dispatch(Object(CakeRequest), Object(CakeResponse))
#3 {main}
2014-10-28 09:29:46 Error: Fatal Error (1): Class 'BlowfishPasswordHasher' not found in [E:\xampp\htdocs\nobita\kcms\Model\User.php, line 89]
2014-10-28 09:29:46 Error: [FatalErrorException] Class 'BlowfishPasswordHasher' not found
Request URL: /kcms/admin/users/add
Stack Trace:
#0 E:\xampp\Cake\Error\ErrorHandler.php(203): ErrorHandler::handleFatalError(1, 'Class 'Blowfish...', 'E:\\xampp\\htdocs...', 89)
#1 [internal function]: ErrorHandler::handleError(1, 'Class 'Blowfish...', 'E:\\xampp\\htdocs...', 89, Array)
#2 E:\xampp\Cake\Core\App.php(929): call_user_func('ErrorHandler::h...', 1, 'Class 'Blowfish...', 'E:\\xampp\\htdocs...', 89, Array)
#3 E:\xampp\Cake\Core\App.php(902): App::_checkFatalError()
#4 [internal function]: App::shutdown()
#5 {main}
2014-10-28 09:31:32 Error: Fatal Error (1): Class 'BlowfishPasswordHasher' not found in [E:\xampp\htdocs\nobita\kcms\Model\User.php, line 89]
2014-10-28 09:31:32 Error: [FatalErrorException] Class 'BlowfishPasswordHasher' not found
Request URL: /kcms/admin/users/add
Stack Trace:
#0 E:\xampp\htdocs\nobita\kcms\Cake\Error\ErrorHandler.php(203): ErrorHandler::handleFatalError(1, 'Class 'Blowfish...', 'E:\\xampp\\htdocs...', 89)
#1 [internal function]: ErrorHandler::handleError(1, 'Class 'Blowfish...', 'E:\\xampp\\htdocs...', 89, Array)
#2 E:\xampp\htdocs\nobita\kcms\Cake\Core\App.php(929): call_user_func('ErrorHandler::h...', 1, 'Class 'Blowfish...', 'E:\\xampp\\htdocs...', 89, Array)
#3 E:\xampp\htdocs\nobita\kcms\Cake\Core\App.php(902): App::_checkFatalError()
#4 [internal function]: App::shutdown()
#5 {main}
2014-10-28 09:32:35 Error: [MissingControllerException] Controller class LoginController could not be found.
Exception Attributes: array (
  'class' => 'LoginController',
  'plugin' => NULL,
)
Request URL: /kcms/admin/login
Stack Trace:
#0 E:\xampp\htdocs\nobita\kcms\webroot\index.php(97): Dispatcher->dispatch(Object(CakeRequest), Object(CakeResponse))
#1 {main}
2014-10-28 09:46:25 Error: [MissingControllerException] Controller class Forms.htmlController could not be found.
Exception Attributes: array (
  'class' => 'Forms.htmlController',
  'plugin' => NULL,
)
Request URL: /kcms/forms.html
Stack Trace:
#0 E:\xampp\htdocs\nobita\kcms\webroot\index.php(97): Dispatcher->dispatch(Object(CakeRequest), Object(CakeResponse))
#1 {main}
2014-10-28 09:46:27 Error: [MissingControllerException] Controller class Tables.htmlController could not be found.
Exception Attributes: array (
  'class' => 'Tables.htmlController',
  'plugin' => NULL,
)
Request URL: /kcms/tables.html
Stack Trace:
#0 E:\xampp\htdocs\nobita\kcms\webroot\index.php(97): Dispatcher->dispatch(Object(CakeRequest), Object(CakeResponse))
#1 {main}
2014-10-28 09:47:59 Error: [MissingControllerException] Controller class Tables.htmlController could not be found.
Exception Attributes: array (
  'class' => 'Tables.htmlController',
  'plugin' => NULL,
)
Request URL: /kcms/tables.html
Stack Trace:
#0 E:\xampp\htdocs\nobita\kcms\webroot\index.php(97): Dispatcher->dispatch(Object(CakeRequest), Object(CakeResponse))
#1 {main}
2014-10-28 09:48:02 Error: [MissingControllerException] Controller class Index.htmlController could not be found.
Exception Attributes: array (
  'class' => 'Index.htmlController',
  'plugin' => NULL,
)
Request URL: /kcms/index.html
Stack Trace:
#0 E:\xampp\htdocs\nobita\kcms\webroot\index.php(97): Dispatcher->dispatch(Object(CakeRequest), Object(CakeResponse))
#1 {main}
2014-10-28 09:48:16 Error: [MissingControllerException] Controller class Forms.htmlController could not be found.
Exception Attributes: array (
  'class' => 'Forms.htmlController',
  'plugin' => NULL,
)
Request URL: /kcms/forms.html
Stack Trace:
#0 E:\xampp\htdocs\nobita\kcms\webroot\index.php(97): Dispatcher->dispatch(Object(CakeRequest), Object(CakeResponse))
#1 {main}
2014-10-28 09:54:29 Error: [MissingControllerException] Controller class Forms.htmlController could not be found.
Exception Attributes: array (
  'class' => 'Forms.htmlController',
  'plugin' => NULL,
)
Request URL: /kcms/forms.html
Stack Trace:
#0 E:\xampp\htdocs\nobita\kcms\webroot\index.php(97): Dispatcher->dispatch(Object(CakeRequest), Object(CakeResponse))
#1 {main}
2014-10-28 09:54:31 Error: [MissingControllerException] Controller class Tables.htmlController could not be found.
Exception Attributes: array (
  'class' => 'Tables.htmlController',
  'plugin' => NULL,
)
Request URL: /kcms/tables.html
Stack Trace:
#0 E:\xampp\htdocs\nobita\kcms\webroot\index.php(97): Dispatcher->dispatch(Object(CakeRequest), Object(CakeResponse))
#1 {main}
2014-10-28 09:54:33 Error: [MissingControllerException] Controller class Index.htmlController could not be found.
Exception Attributes: array (
  'class' => 'Index.htmlController',
  'plugin' => NULL,
)
Request URL: /kcms/index.html
Stack Trace:
#0 E:\xampp\htdocs\nobita\kcms\webroot\index.php(97): Dispatcher->dispatch(Object(CakeRequest), Object(CakeResponse))
#1 {main}
2014-10-28 09:54:35 Error: [MissingControllerException] Controller class Morris.htmlController could not be found.
Exception Attributes: array (
  'class' => 'Morris.htmlController',
  'plugin' => NULL,
)
Request URL: /kcms/morris.html
Stack Trace:
#0 E:\xampp\htdocs\nobita\kcms\webroot\index.php(97): Dispatcher->dispatch(Object(CakeRequest), Object(CakeResponse))
#1 {main}
2014-10-28 09:55:31 Error: [MissingControllerException] Controller class Morris.htmlController could not be found.
Exception Attributes: array (
  'class' => 'Morris.htmlController',
  'plugin' => NULL,
)
Request URL: /kcms/morris.html
Stack Trace:
#0 E:\xampp\htdocs\nobita\kcms\webroot\index.php(97): Dispatcher->dispatch(Object(CakeRequest), Object(CakeResponse))
#1 {main}
2014-10-28 09:55:36 Error: [MissingControllerException] Controller class Forms.htmlController could not be found.
Exception Attributes: array (
  'class' => 'Forms.htmlController',
  'plugin' => NULL,
)
Request URL: /kcms/forms.html
Stack Trace:
#0 E:\xampp\htdocs\nobita\kcms\webroot\index.php(97): Dispatcher->dispatch(Object(CakeRequest), Object(CakeResponse))
#1 {main}
2014-10-28 09:55:38 Error: [MissingControllerException] Controller class Forms.htmlController could not be found.
Exception Attributes: array (
  'class' => 'Forms.htmlController',
  'plugin' => NULL,
)
Request URL: /kcms/forms.html
Stack Trace:
#0 E:\xampp\htdocs\nobita\kcms\webroot\index.php(97): Dispatcher->dispatch(Object(CakeRequest), Object(CakeResponse))
#1 {main}
2014-10-28 09:56:28 Error: [MissingControllerException] Controller class Forms.htmlController could not be found.
Exception Attributes: array (
  'class' => 'Forms.htmlController',
  'plugin' => NULL,
)
Request URL: /kcms/forms.html
Stack Trace:
#0 E:\xampp\htdocs\nobita\kcms\webroot\index.php(97): Dispatcher->dispatch(Object(CakeRequest), Object(CakeResponse))
#1 {main}
2014-10-28 09:56:31 Error: [MissingControllerException] Controller class Forms.htmlController could not be found.
Exception Attributes: array (
  'class' => 'Forms.htmlController',
  'plugin' => NULL,
)
Request URL: /kcms/forms.html
Stack Trace:
#0 E:\xampp\htdocs\nobita\kcms\webroot\index.php(97): Dispatcher->dispatch(Object(CakeRequest), Object(CakeResponse))
#1 {main}
2014-10-28 09:56:35 Error: [MissingControllerException] Controller class Login.htmlController could not be found.
Exception Attributes: array (
  'class' => 'Login.htmlController',
  'plugin' => NULL,
)
Request URL: /kcms/login.html
Stack Trace:
#0 E:\xampp\htdocs\nobita\kcms\webroot\index.php(97): Dispatcher->dispatch(Object(CakeRequest), Object(CakeResponse))
#1 {main}
2014-10-28 09:57:06 Error: [MissingControllerException] Controller class Login.htmlController could not be found.
Exception Attributes: array (
  'class' => 'Login.htmlController',
  'plugin' => NULL,
)
Request URL: /kcms/login.html
Stack Trace:
#0 E:\xampp\htdocs\nobita\kcms\webroot\index.php(97): Dispatcher->dispatch(Object(CakeRequest), Object(CakeResponse))
#1 {main}
2014-10-28 09:57:27 Error: [MissingControllerException] Controller class Login.htmlController could not be found.
Exception Attributes: array (
  'class' => 'Login.htmlController',
  'plugin' => NULL,
)
Request URL: /kcms/login.html
Stack Trace:
#0 E:\xampp\htdocs\nobita\kcms\webroot\index.php(97): Dispatcher->dispatch(Object(CakeRequest), Object(CakeResponse))
#1 {main}
2014-10-28 09:58:12 Error: [MissingControllerException] Controller class Login.htmlController could not be found.
Exception Attributes: array (
  'class' => 'Login.htmlController',
  'plugin' => NULL,
)
Request URL: /kcms/login.html
Stack Trace:
#0 E:\xampp\htdocs\nobita\kcms\webroot\index.php(97): Dispatcher->dispatch(Object(CakeRequest), Object(CakeResponse))
#1 {main}
2014-10-28 09:58:13 Error: [MissingControllerException] Controller class Login.htmlController could not be found.
Exception Attributes: array (
  'class' => 'Login.htmlController',
  'plugin' => NULL,
)
Request URL: /kcms/login.html
Stack Trace:
#0 E:\xampp\htdocs\nobita\kcms\webroot\index.php(97): Dispatcher->dispatch(Object(CakeRequest), Object(CakeResponse))
#1 {main}
2014-10-28 09:58:28 Error: [MissingControllerException] Controller class Login.htmlController could not be found.
Exception Attributes: array (
  'class' => 'Login.htmlController',
  'plugin' => NULL,
)
Request URL: /kcms/login.html
Stack Trace:
#0 E:\xampp\htdocs\nobita\kcms\webroot\index.php(97): Dispatcher->dispatch(Object(CakeRequest), Object(CakeResponse))
#1 {main}
2014-10-28 10:00:07 Error: [MissingControllerException] Controller class Login.htmlController could not be found.
Exception Attributes: array (
  'class' => 'Login.htmlController',
  'plugin' => NULL,
)
Request URL: /kcms/login.html
Stack Trace:
#0 E:\xampp\htdocs\nobita\kcms\webroot\index.php(97): Dispatcher->dispatch(Object(CakeRequest), Object(CakeResponse))
#1 {main}
2014-10-28 10:00:15 Error: [MissingControllerException] Controller class Tables.htmlController could not be found.
Exception Attributes: array (
  'class' => 'Tables.htmlController',
  'plugin' => NULL,
)
Request URL: /kcms/tables.html
Stack Trace:
#0 E:\xampp\htdocs\nobita\kcms\webroot\index.php(97): Dispatcher->dispatch(Object(CakeRequest), Object(CakeResponse))
#1 {main}
2014-10-28 10:00:43 Error: [MissingControllerException] Controller class Tables.htmlController could not be found.
Exception Attributes: array (
  'class' => 'Tables.htmlController',
  'plugin' => NULL,
)
Request URL: /kcms/tables.html
Stack Trace:
#0 E:\xampp\htdocs\nobita\kcms\webroot\index.php(97): Dispatcher->dispatch(Object(CakeRequest), Object(CakeResponse))
#1 {main}
2014-10-28 10:00:52 Error: [MissingControllerException] Controller class Forms.htmlController could not be found.
Exception Attributes: array (
  'class' => 'Forms.htmlController',
  'plugin' => NULL,
)
Request URL: /kcms/forms.html
Stack Trace:
#0 E:\xampp\htdocs\nobita\kcms\webroot\index.php(97): Dispatcher->dispatch(Object(CakeRequest), Object(CakeResponse))
#1 {main}
2014-10-28 10:01:10 Error: [MissingControllerException] Controller class Forms.htmlController could not be found.
Exception Attributes: array (
  'class' => 'Forms.htmlController',
  'plugin' => NULL,
)
Request URL: /kcms/forms.html
Stack Trace:
#0 E:\xampp\htdocs\nobita\kcms\webroot\index.php(97): Dispatcher->dispatch(Object(CakeRequest), Object(CakeResponse))
#1 {main}
2014-10-28 10:02:04 Error: [MissingControllerException] Controller class Forms.htmlController could not be found.
Exception Attributes: array (
  'class' => 'Forms.htmlController',
  'plugin' => NULL,
)
Request URL: /kcms/forms.html
Stack Trace:
#0 E:\xampp\htdocs\nobita\kcms\webroot\index.php(97): Dispatcher->dispatch(Object(CakeRequest), Object(CakeResponse))
#1 {main}
2014-10-28 10:02:38 Error: [MissingControllerException] Controller class Forms.htmlController could not be found.
Exception Attributes: array (
  'class' => 'Forms.htmlController',
  'plugin' => NULL,
)
Request URL: /kcms/forms.html
Stack Trace:
#0 E:\xampp\htdocs\nobita\kcms\webroot\index.php(97): Dispatcher->dispatch(Object(CakeRequest), Object(CakeResponse))
#1 {main}
2014-10-28 10:04:03 Error: [MissingControllerException] Controller class Forms.htmlController could not be found.
Exception Attributes: array (
  'class' => 'Forms.htmlController',
  'plugin' => NULL,
)
Request URL: /kcms/forms.html
Stack Trace:
#0 E:\xampp\htdocs\nobita\kcms\webroot\index.php(97): Dispatcher->dispatch(Object(CakeRequest), Object(CakeResponse))
#1 {main}
2014-10-28 10:04:42 Error: [MissingControllerException] Controller class Forms.htmlController could not be found.
Exception Attributes: array (
  'class' => 'Forms.htmlController',
  'plugin' => NULL,
)
Request URL: /kcms/forms.html
Stack Trace:
#0 E:\xampp\htdocs\nobita\kcms\webroot\index.php(97): Dispatcher->dispatch(Object(CakeRequest), Object(CakeResponse))
#1 {main}
2014-10-28 10:04:45 Error: [MissingControllerException] Controller class Tables.htmlController could not be found.
Exception Attributes: array (
  'class' => 'Tables.htmlController',
  'plugin' => NULL,
)
Request URL: /kcms/tables.html
Stack Trace:
#0 E:\xampp\htdocs\nobita\kcms\webroot\index.php(97): Dispatcher->dispatch(Object(CakeRequest), Object(CakeResponse))
#1 {main}
2014-10-28 10:06:08 Error: [MissingControllerException] Controller class Tables.htmlController could not be found.
Exception Attributes: array (
  'class' => 'Tables.htmlController',
  'plugin' => NULL,
)
Request URL: /kcms/tables.html
Stack Trace:
#0 E:\xampp\htdocs\nobita\kcms\webroot\index.php(97): Dispatcher->dispatch(Object(CakeRequest), Object(CakeResponse))
#1 {main}
2014-10-28 10:06:29 Error: [MissingControllerException] Controller class Tables.htmlController could not be found.
Exception Attributes: array (
  'class' => 'Tables.htmlController',
  'plugin' => NULL,
)
Request URL: /kcms/tables.html
Stack Trace:
#0 E:\xampp\htdocs\nobita\kcms\webroot\index.php(97): Dispatcher->dispatch(Object(CakeRequest), Object(CakeResponse))
#1 {main}
2014-10-28 10:06:59 Error: [MissingControllerException] Controller class Tables.htmlController could not be found.
Exception Attributes: array (
  'class' => 'Tables.htmlController',
  'plugin' => NULL,
)
Request URL: /kcms/tables.html
Stack Trace:
#0 E:\xampp\htdocs\nobita\kcms\webroot\index.php(97): Dispatcher->dispatch(Object(CakeRequest), Object(CakeResponse))
#1 {main}
2014-10-28 10:24:56 Error: [MissingControllerException] Controller class MenusController could not be found.
Exception Attributes: array (
  'class' => 'MenusController',
  'plugin' => NULL,
)
Request URL: /kcms/admin/menus
Stack Trace:
#0 E:\xampp\htdocs\nobita\kcms\webroot\index.php(97): Dispatcher->dispatch(Object(CakeRequest), Object(CakeResponse))
#1 {main}
2014-10-28 10:25:00 Error: [MissingControllerException] Controller class ConfigurationsController could not be found.
Exception Attributes: array (
  'class' => 'ConfigurationsController',
  'plugin' => NULL,
)
Request URL: /kcms/admin/configurations
Stack Trace:
#0 E:\xampp\htdocs\nobita\kcms\webroot\index.php(97): Dispatcher->dispatch(Object(CakeRequest), Object(CakeResponse))
#1 {main}
2014-10-28 10:25:24 Error: [MissingControllerException] Controller class ConfigurationsController could not be found.
Exception Attributes: array (
  'class' => 'ConfigurationsController',
  'plugin' => NULL,
)
Request URL: /kcms/admin/configurations
Stack Trace:
#0 E:\xampp\htdocs\nobita\kcms\webroot\index.php(97): Dispatcher->dispatch(Object(CakeRequest), Object(CakeResponse))
#1 {main}
2014-10-28 10:30:27 Error: [MissingControllerException] Controller class CategoriesController could not be found.
Exception Attributes: array (
  'class' => 'CategoriesController',
  'plugin' => NULL,
)
Request URL: /kcms/admin/categories/add?terms=post
Stack Trace:
#0 E:\xampp\htdocs\nobita\kcms\webroot\index.php(97): Dispatcher->dispatch(Object(CakeRequest), Object(CakeResponse))
#1 {main}
2014-10-28 10:30:30 Error: [MissingControllerException] Controller class CategoriesController could not be found.
Exception Attributes: array (
  'class' => 'CategoriesController',
  'plugin' => NULL,
)
Request URL: /kcms/admin/categories/add/post
Stack Trace:
#0 E:\xampp\htdocs\nobita\kcms\webroot\index.php(97): Dispatcher->dispatch(Object(CakeRequest), Object(CakeResponse))
#1 {main}
2014-10-28 10:30:32 Error: [MissingControllerException] Controller class CategoriesController could not be found.
Exception Attributes: array (
  'class' => 'CategoriesController',
  'plugin' => NULL,
)
Request URL: /kcms/admin/categories/add?terms=post
Stack Trace:
#0 E:\xampp\htdocs\nobita\kcms\webroot\index.php(97): Dispatcher->dispatch(Object(CakeRequest), Object(CakeResponse))
#1 {main}
2014-10-28 11:06:10 Error: [MissingActionException] Action CategoriesController::admin_add() could not be found.
Exception Attributes: array (
  'controller' => 'CategoriesController',
  'action' => 'admin_add',
)
Request URL: /kcms/admin/categories/add?terms=post
Stack Trace:
#0 E:\xampp\htdocs\nobita\kcms\Cake\Routing\Dispatcher.php(185): Controller->invokeAction(Object(CakeRequest))
#1 E:\xampp\htdocs\nobita\kcms\Cake\Routing\Dispatcher.php(160): Dispatcher->_invoke(Object(CategoriesController), Object(CakeRequest), Object(CakeResponse))
#2 E:\xampp\htdocs\nobita\kcms\webroot\index.php(97): Dispatcher->dispatch(Object(CakeRequest), Object(CakeResponse))
#3 {main}
2014-10-28 18:39:36 Error: [MissingControllerException] Controller class ConfigurationsController could not be found.
Exception Attributes: array (
  'class' => 'ConfigurationsController',
  'plugin' => NULL,
)
Request URL: /kcms/admin/configurations
Stack Trace:
#0 G:\www\htdocs\kcms\webroot\index.php(97): Dispatcher->dispatch(Object(CakeRequest), Object(CakeResponse))
#1 {main}
2014-10-28 18:39:44 Error: [MissingActionException] Action CategoriesController::admin_add() could not be found.
Exception Attributes: array (
  'controller' => 'CategoriesController',
  'action' => 'admin_add',
)
Request URL: /kcms/admin/categories/add?terms=post
Stack Trace:
#0 G:\www\htdocs\kcms\Cake\Routing\Dispatcher.php(185): Controller->invokeAction(Object(CakeRequest))
#1 G:\www\htdocs\kcms\Cake\Routing\Dispatcher.php(160): Dispatcher->_invoke(Object(CategoriesController), Object(CakeRequest), Object(CakeResponse))
#2 G:\www\htdocs\kcms\webroot\index.php(97): Dispatcher->dispatch(Object(CakeRequest), Object(CakeResponse))
#3 {main}
2014-10-28 18:39:48 Error: [MissingTableException] Table groups for model Group was not found in datasource default.
Exception Attributes: array (
  'table' => 'groups',
  'class' => 'Group',
  'ds' => 'default',
)
Request URL: /kcms/admin/users
Stack Trace:
#0 G:\www\htdocs\kcms\Cake\Model\Model.php(3499): Model->setSource('groups')
#1 G:\www\htdocs\kcms\Cake\Model\Datasource\DboSource.php(1063): Model->getDataSource()
#2 G:\www\htdocs\kcms\Cake\Model\Model.php(2903): DboSource->read(Object(User), Array)
#3 G:\www\htdocs\kcms\Cake\Model\Model.php(2875): Model->_readDataSource('all', Array)
#4 G:\www\htdocs\kcms\Cake\Controller\Component\PaginatorComponent.php(196): Model->find('all', Array)
#5 G:\www\htdocs\kcms\Controller\UsersController.php(41): PaginatorComponent->paginate()
#6 [internal function]: UsersController->admin_index()
#7 G:\www\htdocs\kcms\Cake\Controller\Controller.php(490): ReflectionMethod->invokeArgs(Object(UsersController), Array)
#8 G:\www\htdocs\kcms\Cake\Routing\Dispatcher.php(185): Controller->invokeAction(Object(CakeRequest))
#9 G:\www\htdocs\kcms\Cake\Routing\Dispatcher.php(160): Dispatcher->_invoke(Object(UsersController), Object(CakeRequest), Object(CakeResponse))
#10 G:\www\htdocs\kcms\webroot\index.php(97): Dispatcher->dispatch(Object(CakeRequest), Object(CakeResponse))
#11 {main}
2014-10-28 19:47:22 Error: [MissingActionException] Action CategoriesController::admin_add() could not be found.
Exception Attributes: array (
  'controller' => 'CategoriesController',
  'action' => 'admin_add',
)
Request URL: /kcms/admin/categories/add?terms=post
Stack Trace:
#0 G:\www\htdocs\kcms\Cake\Routing\Dispatcher.php(185): Controller->invokeAction(Object(CakeRequest))
#1 G:\www\htdocs\kcms\Cake\Routing\Dispatcher.php(160): Dispatcher->_invoke(Object(CategoriesController), Object(CakeRequest), Object(CakeResponse))
#2 G:\www\htdocs\kcms\webroot\index.php(97): Dispatcher->dispatch(Object(CakeRequest), Object(CakeResponse))
#3 {main}
2014-10-28 19:55:42 Error: [MissingControllerException] Controller class KcmsController could not be found.
Exception Attributes: array (
  'class' => 'KcmsController',
  'plugin' => NULL,
)
Request URL: /kcms/kcms/admin
Stack Trace:
#0 G:\www\htdocs\kcms\webroot\index.php(97): Dispatcher->dispatch(Object(CakeRequest), Object(CakeResponse))
#1 {main}
2014-10-28 19:55:47 Error: [MissingActionException] Action UsersController::admin() could not be found.
Exception Attributes: array (
  'controller' => 'UsersController',
  'action' => 'admin',
)
Request URL: /kcms/users/admin
Stack Trace:
#0 G:\www\htdocs\kcms\Cake\Routing\Dispatcher.php(185): Controller->invokeAction(Object(CakeRequest))
#1 G:\www\htdocs\kcms\Cake\Routing\Dispatcher.php(160): Dispatcher->_invoke(Object(UsersController), Object(CakeRequest), Object(CakeResponse))
#2 G:\www\htdocs\kcms\webroot\index.php(97): Dispatcher->dispatch(Object(CakeRequest), Object(CakeResponse))
#3 {main}
2014-10-28 19:55:59 Error: [MissingControllerException] Controller class KcmsController could not be found.
Exception Attributes: array (
  'class' => 'KcmsController',
  'plugin' => NULL,
)
Request URL: /kcms/kcms/admin
Stack Trace:
#0 G:\www\htdocs\kcms\webroot\index.php(97): Dispatcher->dispatch(Object(CakeRequest), Object(CakeResponse))
#1 {main}
2014-10-28 19:58:03 Error: Fatal Error (1): Class 'BlowfishPasswordHasher' not found in [G:\www\htdocs\kcms\Controller\UsersController.php, line 21]
2014-10-28 19:58:03 Error: [FatalErrorException] Class 'BlowfishPasswordHasher' not found
Request URL: /kcms/admin/users/login
Stack Trace:
#0 G:\www\htdocs\kcms\Cake\Error\ErrorHandler.php(203): ErrorHandler::handleFatalError(1, 'Class 'Blowfish...', 'G:\\www\\htdocs\\k...', 21)
#1 [internal function]: ErrorHandler::handleError(1, 'Class 'Blowfish...', 'G:\\www\\htdocs\\k...', 21, Array)
#2 G:\www\htdocs\kcms\Cake\Core\App.php(929): call_user_func('ErrorHandler::h...', 1, 'Class 'Blowfish...', 'G:\\www\\htdocs\\k...', 21, Array)
#3 G:\www\htdocs\kcms\Cake\Core\App.php(902): App::_checkFatalError()
#4 [internal function]: App::shutdown()
#5 {main}
2014-10-28 19:58:43 Error: Fatal Error (1): Class 'BlowfishPasswordHasher' not found in [G:\www\htdocs\kcms\Controller\UsersController.php, line 21]
2014-10-28 19:58:43 Error: [FatalErrorException] Class 'BlowfishPasswordHasher' not found
Request URL: /kcms/admin/users/login
Stack Trace:
#0 G:\www\htdocs\kcms\Cake\Error\ErrorHandler.php(203): ErrorHandler::handleFatalError(1, 'Class 'Blowfish...', 'G:\\www\\htdocs\\k...', 21)
#1 [internal function]: ErrorHandler::handleError(1, 'Class 'Blowfish...', 'G:\\www\\htdocs\\k...', 21, Array)
#2 G:\www\htdocs\kcms\Cake\Core\App.php(929): call_user_func('ErrorHandler::h...', 1, 'Class 'Blowfish...', 'G:\\www\\htdocs\\k...', 21, Array)
#3 G:\www\htdocs\kcms\Cake\Core\App.php(902): App::_checkFatalError()
#4 [internal function]: App::shutdown()
#5 {main}
2014-10-28 20:04:45 Error: [MissingActionException] Action CategoriesController::admin_add() could not be found.
Exception Attributes: array (
  'controller' => 'CategoriesController',
  'action' => 'admin_add',
)
Request URL: /kcms/admin/categories/add?terms=post
Stack Trace:
#0 G:\www\htdocs\kcms\Cake\Routing\Dispatcher.php(185): Controller->invokeAction(Object(CakeRequest))
#1 G:\www\htdocs\kcms\Cake\Routing\Dispatcher.php(160): Dispatcher->_invoke(Object(CategoriesController), Object(CakeRequest), Object(CakeResponse))
#2 G:\www\htdocs\kcms\webroot\index.php(97): Dispatcher->dispatch(Object(CakeRequest), Object(CakeResponse))
#3 {main}
2014-10-28 20:28:11 Error: [MissingControllerException] Controller class JsController could not be found.
Exception Attributes: array (
  'class' => 'JsController',
  'plugin' => NULL,
)
Request URL: /kcms/js/jquery.flexisel.js
Stack Trace:
#0 G:\www\htdocs\kcms\webroot\index.php(97): Dispatcher->dispatch(Object(CakeRequest), Object(CakeResponse))
#1 {main}
2014-10-28 20:28:11 Error: [MissingControllerException] Controller class CssController could not be found.
Exception Attributes: array (
  'class' => 'CssController',
  'plugin' => NULL,
)
Request URL: /kcms/css/bootstrap.min.css
Stack Trace:
#0 G:\www\htdocs\kcms\webroot\index.php(97): Dispatcher->dispatch(Object(CakeRequest), Object(CakeResponse))
#1 {main}
2014-10-28 20:28:11 Error: [MissingControllerException] Controller class JsController could not be found.
Exception Attributes: array (
  'class' => 'JsController',
  'plugin' => NULL,
)
Request URL: /kcms/js/bootstrap.min.js
Stack Trace:
#0 G:\www\htdocs\kcms\webroot\index.php(97): Dispatcher->dispatch(Object(CakeRequest), Object(CakeResponse))
#1 {main}
2014-10-28 20:28:11 Error: [MissingControllerException] Controller class CssController could not be found.
Exception Attributes: array (
  'class' => 'CssController',
  'plugin' => NULL,
)
Request URL: /kcms/css/style.css
Stack Trace:
#0 G:\www\htdocs\kcms\webroot\index.php(97): Dispatcher->dispatch(Object(CakeRequest), Object(CakeResponse))
#1 {main}
2014-10-28 20:28:11 Error: [MissingControllerException] Controller class JsController could not be found.
Exception Attributes: array (
  'class' => 'JsController',
  'plugin' => NULL,
)
Request URL: /kcms/js/jquery-1.11.1.min.js
Stack Trace:
#0 G:\www\htdocs\kcms\webroot\index.php(97): Dispatcher->dispatch(Object(CakeRequest), Object(CakeResponse))
#1 {main}
2014-10-28 20:28:11 Error: [MissingControllerException] Controller class JsController could not be found.
Exception Attributes: array (
  'class' => 'JsController',
  'plugin' => NULL,
)
Request URL: /kcms/js/bootstrap.min.js
Stack Trace:
#0 G:\www\htdocs\kcms\webroot\index.php(97): Dispatcher->dispatch(Object(CakeRequest), Object(CakeResponse))
#1 {main}
2014-10-28 20:28:12 Error: [MissingControllerException] Controller class JsController could not be found.
Exception Attributes: array (
  'class' => 'JsController',
  'plugin' => NULL,
)
Request URL: /kcms/js/jquery.flexisel.js
Stack Trace:
#0 G:\www\htdocs\kcms\webroot\index.php(97): Dispatcher->dispatch(Object(CakeRequest), Object(CakeResponse))
#1 {main}
2014-10-28 20:29:21 Error: [MissingControllerException] Controller class CssController could not be found.
Exception Attributes: array (
  'class' => 'CssController',
  'plugin' => NULL,
)
Request URL: /kcms/css/style.css
Stack Trace:
#0 G:\www\htdocs\kcms\webroot\index.php(97): Dispatcher->dispatch(Object(CakeRequest), Object(CakeResponse))
#1 {main}
2014-10-28 20:29:21 Error: [MissingControllerException] Controller class CssController could not be found.
Exception Attributes: array (
  'class' => 'CssController',
  'plugin' => NULL,
)
Request URL: /kcms/css/bootstrap.min.css
Stack Trace:
#0 G:\www\htdocs\kcms\webroot\index.php(97): Dispatcher->dispatch(Object(CakeRequest), Object(CakeResponse))
#1 {main}
2014-10-28 20:29:21 Error: [MissingControllerException] Controller class JsController could not be found.
Exception Attributes: array (
  'class' => 'JsController',
  'plugin' => NULL,
)
Request URL: /kcms/js/jquery-1.11.1.min.js
Stack Trace:
#0 G:\www\htdocs\kcms\webroot\index.php(97): Dispatcher->dispatch(Object(CakeRequest), Object(CakeResponse))
#1 {main}
2014-10-28 20:29:21 Error: [MissingControllerException] Controller class JsController could not be found.
Exception Attributes: array (
  'class' => 'JsController',
  'plugin' => NULL,
)
Request URL: /kcms/js/bootstrap.min.js
Stack Trace:
#0 G:\www\htdocs\kcms\webroot\index.php(97): Dispatcher->dispatch(Object(CakeRequest), Object(CakeResponse))
#1 {main}
2014-10-28 20:29:21 Error: [MissingControllerException] Controller class JsController could not be found.
Exception Attributes: array (
  'class' => 'JsController',
  'plugin' => NULL,
)
Request URL: /kcms/js/jquery.flexisel.js
Stack Trace:
#0 G:\www\htdocs\kcms\webroot\index.php(97): Dispatcher->dispatch(Object(CakeRequest), Object(CakeResponse))
#1 {main}
2014-10-28 20:29:21 Error: [MissingControllerException] Controller class JsController could not be found.
Exception Attributes: array (
  'class' => 'JsController',
  'plugin' => NULL,
)
Request URL: /kcms/js/bootstrap.min.js
Stack Trace:
#0 G:\www\htdocs\kcms\webroot\index.php(97): Dispatcher->dispatch(Object(CakeRequest), Object(CakeResponse))
#1 {main}
2014-10-28 20:29:22 Error: [MissingControllerException] Controller class JsController could not be found.
Exception Attributes: array (
  'class' => 'JsController',
  'plugin' => NULL,
)
Request URL: /kcms/js/jquery.flexisel.js
Stack Trace:
#0 G:\www\htdocs\kcms\webroot\index.php(97): Dispatcher->dispatch(Object(CakeRequest), Object(CakeResponse))
#1 {main}
2014-10-28 20:30:07 Error: [MissingActionException] Action MenusController::admin_index() could not be found.
Exception Attributes: array (
  'controller' => 'MenusController',
  'action' => 'admin_index',
)
Request URL: /kcms/admin/menus
Stack Trace:
#0 G:\www\htdocs\kcms\Cake\Routing\Dispatcher.php(185): Controller->invokeAction(Object(CakeRequest))
#1 G:\www\htdocs\kcms\Cake\Routing\Dispatcher.php(160): Dispatcher->_invoke(Object(MenusController), Object(CakeRequest), Object(CakeResponse))
#2 G:\www\htdocs\kcms\webroot\index.php(97): Dispatcher->dispatch(Object(CakeRequest), Object(CakeResponse))
#3 {main}
2014-10-28 20:31:33 Error: [MissingActionException] Action MenusController::admin_index() could not be found.
Exception Attributes: array (
  'controller' => 'MenusController',
  'action' => 'admin_index',
)
Request URL: /kcms/admin/menus
Stack Trace:
#0 G:\www\htdocs\kcms\Cake\Routing\Dispatcher.php(185): Controller->invokeAction(Object(CakeRequest))
#1 G:\www\htdocs\kcms\Cake\Routing\Dispatcher.php(160): Dispatcher->_invoke(Object(MenusController), Object(CakeRequest), Object(CakeResponse))
#2 G:\www\htdocs\kcms\webroot\index.php(97): Dispatcher->dispatch(Object(CakeRequest), Object(CakeResponse))
#3 {main}
2014-10-29 02:57:16 Error: [MissingTableException] Table configurations for model Configuration was not found in datasource default.
Exception Attributes: array (
  'table' => 'configurations',
  'class' => 'Configuration',
  'ds' => 'default',
)
Request URL: /kcms/admin
Stack Trace:
#0 E:\xampp\htdocs\nobita\kcms\Cake\Model\Model.php(3499): Model->setSource('configurations')
#1 E:\xampp\htdocs\nobita\kcms\Cake\Model\Model.php(2903): Model->getDataSource()
#2 E:\xampp\htdocs\nobita\kcms\Cake\Model\Model.php(2875): Model->_readDataSource('all', Array)
#3 E:\xampp\htdocs\nobita\kcms\Model\Configuration.php(54): Model->find('all')
#4 E:\xampp\htdocs\nobita\kcms\Controller\AppController.php(66): Configuration->load('CFG')
#5 [internal function]: AppController->beforeFilter(Object(CakeEvent))
#6 E:\xampp\htdocs\nobita\kcms\Cake\Event\CakeEventManager.php(247): call_user_func(Array, Object(CakeEvent))
#7 E:\xampp\htdocs\nobita\kcms\Cake\Controller\Controller.php(674): CakeEventManager->dispatch(Object(CakeEvent))
#8 E:\xampp\htdocs\nobita\kcms\Cake\Routing\Dispatcher.php(182): Controller->startupProcess()
#9 E:\xampp\htdocs\nobita\kcms\Cake\Routing\Dispatcher.php(160): Dispatcher->_invoke(Object(PagesController), Object(CakeRequest), Object(CakeResponse))
#10 E:\xampp\htdocs\nobita\kcms\webroot\index.php(97): Dispatcher->dispatch(Object(CakeRequest), Object(CakeResponse))
#11 {main}
2014-10-29 02:58:23 Error: [MissingTableException] Table configurations for model Configuration was not found in datasource default.
Exception Attributes: array (
  'table' => 'configurations',
  'class' => 'Configuration',
  'ds' => 'default',
)
Request URL: /kcms/admin
Stack Trace:
#0 E:\xampp\htdocs\nobita\kcms\Cake\Model\Model.php(3499): Model->setSource('configurations')
#1 E:\xampp\htdocs\nobita\kcms\Cake\Model\Model.php(2903): Model->getDataSource()
#2 E:\xampp\htdocs\nobita\kcms\Cake\Model\Model.php(2875): Model->_readDataSource('all', Array)
#3 E:\xampp\htdocs\nobita\kcms\Model\Configuration.php(54): Model->find('all')
#4 E:\xampp\htdocs\nobita\kcms\Controller\AppController.php(66): Configuration->load('CFG')
#5 [internal function]: AppController->beforeFilter(Object(CakeEvent))
#6 E:\xampp\htdocs\nobita\kcms\Cake\Event\CakeEventManager.php(247): call_user_func(Array, Object(CakeEvent))
#7 E:\xampp\htdocs\nobita\kcms\Cake\Controller\Controller.php(674): CakeEventManager->dispatch(Object(CakeEvent))
#8 E:\xampp\htdocs\nobita\kcms\Cake\Routing\Dispatcher.php(182): Controller->startupProcess()
#9 E:\xampp\htdocs\nobita\kcms\Cake\Routing\Dispatcher.php(160): Dispatcher->_invoke(Object(PagesController), Object(CakeRequest), Object(CakeResponse))
#10 E:\xampp\htdocs\nobita\kcms\webroot\index.php(97): Dispatcher->dispatch(Object(CakeRequest), Object(CakeResponse))
#11 {main}
2014-10-29 02:58:27 Error: [MissingTableException] Table configurations for model Configuration was not found in datasource default.
Exception Attributes: array (
  'table' => 'configurations',
  'class' => 'Configuration',
  'ds' => 'default',
)
Request URL: /kcms/admin/configurations
Stack Trace:
#0 E:\xampp\htdocs\nobita\kcms\Cake\Model\Model.php(3499): Model->setSource('configurations')
#1 E:\xampp\htdocs\nobita\kcms\Cake\Model\Model.php(2903): Model->getDataSource()
#2 E:\xampp\htdocs\nobita\kcms\Cake\Model\Model.php(2875): Model->_readDataSource('all', Array)
#3 E:\xampp\htdocs\nobita\kcms\Model\Configuration.php(54): Model->find('all')
#4 E:\xampp\htdocs\nobita\kcms\Controller\AppController.php(66): Configuration->load('CFG')
#5 [internal function]: AppController->beforeFilter(Object(CakeEvent))
#6 E:\xampp\htdocs\nobita\kcms\Cake\Event\CakeEventManager.php(247): call_user_func(Array, Object(CakeEvent))
#7 E:\xampp\htdocs\nobita\kcms\Cake\Controller\Controller.php(674): CakeEventManager->dispatch(Object(CakeEvent))
#8 E:\xampp\htdocs\nobita\kcms\Cake\Routing\Dispatcher.php(182): Controller->startupProcess()
#9 E:\xampp\htdocs\nobita\kcms\Cake\Routing\Dispatcher.php(160): Dispatcher->_invoke(Object(ConfigurationsController), Object(CakeRequest), Object(CakeResponse))
#10 E:\xampp\htdocs\nobita\kcms\webroot\index.php(97): Dispatcher->dispatch(Object(CakeRequest), Object(CakeResponse))
#11 {main}
2014-10-29 02:58:29 Error: [MissingTableException] Table configurations for model Configuration was not found in datasource default.
Exception Attributes: array (
  'table' => 'configurations',
  'class' => 'Configuration',
  'ds' => 'default',
)
Request URL: /kcms/admin/configurations
Stack Trace:
#0 E:\xampp\htdocs\nobita\kcms\Cake\Model\Model.php(3499): Model->setSource('configurations')
#1 E:\xampp\htdocs\nobita\kcms\Cake\Model\Model.php(2903): Model->getDataSource()
#2 E:\xampp\htdocs\nobita\kcms\Cake\Model\Model.php(2875): Model->_readDataSource('all', Array)
#3 E:\xampp\htdocs\nobita\kcms\Model\Configuration.php(54): Model->find('all')
#4 E:\xampp\htdocs\nobita\kcms\Controller\AppController.php(66): Configuration->load('CFG')
#5 [internal function]: AppController->beforeFilter(Object(CakeEvent))
#6 E:\xampp\htdocs\nobita\kcms\Cake\Event\CakeEventManager.php(247): call_user_func(Array, Object(CakeEvent))
#7 E:\xampp\htdocs\nobita\kcms\Cake\Controller\Controller.php(674): CakeEventManager->dispatch(Object(CakeEvent))
#8 E:\xampp\htdocs\nobita\kcms\Cake\Routing\Dispatcher.php(182): Controller->startupProcess()
#9 E:\xampp\htdocs\nobita\kcms\Cake\Routing\Dispatcher.php(160): Dispatcher->_invoke(Object(ConfigurationsController), Object(CakeRequest), Object(CakeResponse))
#10 E:\xampp\htdocs\nobita\kcms\webroot\index.php(97): Dispatcher->dispatch(Object(CakeRequest), Object(CakeResponse))
#11 {main}
